<?xml version="1.0" encoding="UTF-8"?>
<!-- Generated by org.testng.reporters.JUnitXMLReporter -->
<testsuite ignored="10" hostname="Geetha" failures="1" tests="1" name="Default test" time="3.777" errors="0" timestamp="2023-06-13T12:05:17 PDT">
  <testcase classname="com.automation.testscripts.POMAutomationScripts" name="DevConsole_UserMenu_Option_TestScript_08" time="0.484">
    <failure type="java.lang.NullPointerException" message="Cannot invoke &amp;quot;org.apache.logging.log4j.Logger.info(String)&amp;quot; because &amp;quot;this.log&amp;quot; is null">
      <![CDATA[java.lang.NullPointerException: Cannot invoke "org.apache.logging.log4j.Logger.info(String)" because "this.log" is null
at com.automation.pages.base.POMBasePage.EnterText(POMBasePage.java:39)
at com.automation.pages.login.LoginPage.enterUserName(LoginPage.java:37)
at com.automation.testscripts.POMAutomationScripts.DevConsole_UserMenu_Option_TestScript_08(POMAutomationScripts.java:257)
at java.base/jdk.internal.reflect.NativeMethodAccessorImpl.invoke0(Native Method)
at java.base/jdk.internal.reflect.NativeMethodAccessorImpl.invoke(NativeMethodAccessorImpl.java:77)
at java.base/jdk.internal.reflect.DelegatingMethodAccessorImpl.invoke(DelegatingMethodAccessorImpl.java:43)
at java.base/java.lang.reflect.Method.invoke(Method.java:568)
at org.testng.internal.invokers.MethodInvocationHelper.invokeMethod(MethodInvocationHelper.java:139)
at org.testng.internal.invokers.TestInvoker.invokeMethod(TestInvoker.java:677)
at org.testng.internal.invokers.TestInvoker.invokeTestMethod(TestInvoker.java:221)
at org.testng.internal.invokers.MethodRunner.runInSequence(MethodRunner.java:50)
at org.testng.internal.invokers.TestInvoker$MethodInvocationAgent.invoke(TestInvoker.java:969)
at org.testng.internal.invokers.TestInvoker.invokeTestMethods(TestInvoker.java:194)
at org.testng.internal.invokers.TestMethodWorker.invokeTestMethods(TestMethodWorker.java:148)
at org.testng.internal.invokers.TestMethodWorker.run(TestMethodWorker.java:128)
at java.base/java.util.ArrayList.forEach(ArrayList.java:1511)
at org.testng.TestRunner.privateRun(TestRunner.java:829)
at org.testng.TestRunner.run(TestRunner.java:602)
at org.testng.SuiteRunner.runTest(SuiteRunner.java:437)
at org.testng.SuiteRunner.runSequentially(SuiteRunner.java:431)
at org.testng.SuiteRunner.privateRun(SuiteRunner.java:391)
at org.testng.SuiteRunner.run(SuiteRunner.java:330)
at org.testng.SuiteRunnerWorker.runSuite(SuiteRunnerWorker.java:52)
at org.testng.SuiteRunnerWorker.run(SuiteRunnerWorker.java:95)
at org.testng.TestNG.runSuitesSequentially(TestNG.java:1256)
at org.testng.TestNG.runSuitesLocally(TestNG.java:1176)
at org.testng.TestNG.runSuites(TestNG.java:1099)
at org.testng.TestNG.run(TestNG.java:1067)
at org.testng.remote.AbstractRemoteTestNG.run(AbstractRemoteTestNG.java:115)
at org.testng.remote.RemoteTestNG.initAndRun(RemoteTestNG.java:251)
at org.testng.remote.RemoteTestNG.main(RemoteTestNG.java:77)
]]>
    </failure>
  </testcase> <!-- DevConsole_UserMenu_Option_TestScript_08 -->
  <testcase classname="com.automation.testscripts.POMAutomationScripts" name="Create_Account_TestScript_10" time="0.0">
    <ignored/>
  </testcase> <!-- Create_Account_TestScript_10 -->
  <testcase classname="com.automation.testscripts.POMAutomationScripts" name="MyProfile_UserMenu_Option_TestScript_06" time="0.0">
    <ignored/>
  </testcase> <!-- MyProfile_UserMenu_Option_TestScript_06 -->
  <testcase classname="com.automation.testscripts.POMAutomationScripts" name="Forgot_Password_TestScript_4B" time="0.0">
    <ignored/>
  </testcase> <!-- Forgot_Password_TestScript_4B -->
  <testcase classname="com.automation.testscripts.POMAutomationScripts" name="Forgot_Password_TestScript__4A" time="0.0">
    <ignored/>
  </testcase> <!-- Forgot_Password_TestScript__4A -->
  <testcase classname="com.automation.testscripts.POMAutomationScripts" name="Success_login_RememberMe_TestScript_03" time="0.0">
    <ignored/>
  </testcase> <!-- Success_login_RememberMe_TestScript_03 -->
  <testcase classname="com.automation.testscripts.POMAutomationScripts" name="Logout_TestScript_09" time="0.0">
    <ignored/>
  </testcase> <!-- Logout_TestScript_09 -->
  <testcase classname="com.automation.testscripts.POMAutomationScripts" name="Success_login_TestScript_02" time="0.0">
    <ignored/>
  </testcase> <!-- Success_login_TestScript_02 -->
  <testcase classname="com.automation.testscripts.POMAutomationScripts" name="User_Menu_Dropdown_TestScript_05" time="0.0">
    <ignored/>
  </testcase> <!-- User_Menu_Dropdown_TestScript_05 -->
  <testcase classname="com.automation.testscripts.POMAutomationScripts" name="Login_Error_Message_TestScript_01" time="0.0">
    <ignored/>
  </testcase> <!-- Login_Error_Message_TestScript_01 -->
  <testcase classname="com.automation.testscripts.POMAutomationScripts" name="MySettings_UserMenu_Option_TestScript_07" time="0.0">
    <ignored/>
  </testcase> <!-- MySettings_UserMenu_Option_TestScript_07 -->
</testsuite> <!-- Default test -->
