<?xml version="1.0" encoding="UTF-8"?>
<!-- Generated by org.testng.reporters.JUnitXMLReporter -->
<testsuite ignored="1" hostname="Geetha" failures="1" tests="10" name="chromeTest" time="123.744" errors="0" timestamp="2023-06-19T17:12:47 PDT">
  <testcase classname="com.automation.testscripts.POMAutomationScripts" name="Create_Account_TestScript_10" time="13.236"/>
  <testcase classname="com.automation.testscripts.POMAutomationScripts" name="DevConsole_UserMenu_Option_TestScript_08" time="9.705"/>
  <testcase classname="com.automation.testscripts.POMAutomationScripts" name="Forgot_Password_TestScript_4B" time="1.83"/>
  <testcase classname="com.automation.testscripts.POMAutomationScripts" name="Login_Error_Message_TestScript_01" time="0.584"/>
  <testcase classname="com.automation.testscripts.POMAutomationScripts" name="Logout_TestScript_09" time="14.243"/>
  <testcase classname="com.automation.testscripts.POMAutomationScripts" name="MyProfile_UserMenu_Option_TestScript_06" time="16.131"/>
  <testcase classname="com.automation.testscripts.POMAutomationScripts" name="MySettings_UserMenu_Option_TestScript_07" time="25.911">
    <failure type="org.openqa.selenium.NoSuchElementException" message="Cannot locate element with text: Reports
For documentation on this error, please visit: https://www.seleniumhq.org/exceptions/no_such_element.html
Build info: version: &amp;apos;3.141.59&amp;apos;, revision: &amp;apos;e82be7d358&amp;apos;, time: &amp;apos;2018-11-14T08:17:03&amp;apos;
System info: host: &amp;apos;GEETHA&amp;apos;, ip: &amp;apos;192.168.50.52&amp;apos;, os.name: &amp;apos;Windows 11&amp;apos;, os.arch: &amp;apos;amd64&amp;apos;, os.version: &amp;apos;10.0&amp;apos;, java.version: &amp;apos;17.0.6&amp;apos;
Driver info: driver.version: unknown">
      <![CDATA[org.openqa.selenium.NoSuchElementException: Cannot locate element with text: Reports
For documentation on this error, please visit: https://www.seleniumhq.org/exceptions/no_such_element.html
Build info: version: '3.141.59', revision: 'e82be7d358', time: '2018-11-14T08:17:03'
System info: host: 'GEETHA', ip: '192.168.50.52', os.name: 'Windows 11', os.arch: 'amd64', os.version: '10.0', java.version: '17.0.6'
Driver info: driver.version: unknown
at org.openqa.selenium.support.ui.Select.selectByVisibleText(Select.java:147)
at com.automation.pages.mysettings.CustomizeTabsPage.selectAvailTabs(CustomizeTabsPage.java:73)
at com.automation.testscripts.POMAutomationScripts.MySettings_UserMenu_Option_TestScript_07(POMAutomationScripts.java:249)
at java.base/java.util.ArrayList.forEach(ArrayList.java:1511)
... Removed 27 stack frames]]>
    </failure>
  </testcase> <!-- MySettings_UserMenu_Option_TestScript_07 -->
  <testcase classname="com.automation.testscripts.POMAutomationScripts" name="Success_login_RememberMe_TestScript_03" time="9.489"/>
  <testcase classname="com.automation.testscripts.POMAutomationScripts" name="Success_login_TestScript_02" time="4.889"/>
  <testcase classname="com.automation.testscripts.POMAutomationScripts" name="User_Menu_Dropdown_TestScript_05" time="6.985"/>
  <testcase classname="com.automation.testscripts.POMAutomationScripts" name="Forgot_Password_TestScript__4A" time="0.0">
    <ignored/>
  </testcase> <!-- Forgot_Password_TestScript__4A -->
</testsuite> <!-- chromeTest -->
